#Task    Step    numberOfAcceptedPeleSteps    currentEnergy    bindingE1    dist_1    dist_2    dist_3    sasaLig1    
1    0    0    -15475.5    0.456312    40.2474    39.7324    42.6063    1    
1    1    1    -15475.5    0.339409    42.0818    39.3496    39.6215    1.00014    
1    2    2    -15475.5    0.463459    38.9109    42.2926    37.9887    1.00109    
1    3    3    -15475.5    0.341441    38.482    39.7756    40.3065    0.997739    
1    4    4    -15475.6    0.269881    41.209    36.6033    39.628    1.00091    
1    5    5    -15475.7    0.146889    39.1011    39.0923    35.9314    0.991992    
1    6    6    -15475.7    0.125629    35.1546    39.6883    37.5659    1.00169    
1    7    7    -19155.4    0.911038    38.5338    36.5796    37.1057    0.937552    
1    8    8    -19155.5    0.814579    37.0633    34.7233    38.7044    0.939368    
1    9    9    -19155.6    0.898776    38.4623    36.7061    36.0159    0.939571    
1    10    10    -19155.5    0.883802    36.5033    35.4644    38.472    0.938604    
1    11    11    -19234.9    12.1187    35.5188    33.6716    35.6647    0.857522    
1    12    12    -19302.8    6.35639    35.9367    32.5769    33.8381    0.861938    
1    13    13    -19326.3    10.885    32.941    36.5436    31.7635    0.801607    
1    14    14    -19343.3    7.41529    32.2025    33.6191    33.0346    0.779268    
1    15    15    -19352.1    12.6338    33.0513    31.2997    31.1446    0.817161    
1    16    16    -19361.2    18.217    30.2781    32.6529    31.9584    0.78653    
1    17    17    -19398.5    2.94426    29.984    32.7382    30.1512    0.797497    
1    18    18    -19400.4    7.57694    29.6004    30.8872    33.3475    0.787499    
1    19    19    -19402.5    2.76714    30.1306    33.3171    27.2809    0.741888    
1    20    20    -19410.3    8.04619    30.8928    31.9717    27.0946    0.75121    
1    22    21    -19411    11.7982    28.8184    29.8094    30.7997    0.827196    
1    23    22    -19427.4    4.00585    29.8002    32.7239    26.9353    0.754691    
1    24    23    -19434.5    12.7405    31.5613    31.5393    29.4328    0.789626    
1    25    24    -19452.4    6.37385    31.1226    33.7656    28.0425    0.793131    
1    26    25    -19458.3    15.3174    32.6434    31.9687    30.6758    0.837735    
1    27    26    -19463    14.2311    30.9412    32.1134    32.4675    0.830357    
1    28    27    -19468.6    16.7212    32.9599    32.8212    31.3598    0.80862    
1    29    28    -19463.8    12.7907    32.8862    33.7145    28.5357    0.793385    
1    30    29    -19470.2    11.9859    31.6021    29.584    32.2822    0.7557    
1    31    30    -19468.8    0.482963    30.1626    33.96    31.124    0.756799    
1    32    31    -19483    -1.98304    32.0282    31.8939    30.0514    0.73176    
1    33    32    -19491.2    -2.49495    31.0613    33.601    28.1224    0.659483    
1    37    33    -19500.7    -2.92121    31.0521    26.4119    31.9515    0.651832    
1    38    34    -19506.5    -0.294883    30.0272    27.8598    33.1713    0.646455    
1    39    35    -19508.4    0.61614    31.7818    31.4402    31.9475    0.71502    
1    40    36    -19509.5    7.16651    33.5956    31.0473    33.0661    0.696241    
1    42    37    -19518.6    9.24346    33.3108    33.8058    31.1755    0.708719    
1    46    38    -19522.1    10.4338    33.7891    32.8485    32.0508    0.74692    
1    47    39    -19522.5    3.19545    34.1848    31.9372    32.6292    0.681287    
1    48    40    -19527.3    2.15524    31.9308    30.7205    34.5137    0.628285    
1    50    41    -19530.2    4.75206    33.0257    33.4681    31.8374    0.635162    
1    51    42    -19530.9    1.17991    33.4526    34.1465    32.7856    0.664719    
1    57    43    -19524    11.5738    34.4897    33.0856    31.7385    0.710642    
1    58    44    -19549    -8.467    33.5147    32.1848    33.2558    0.610114    
1    133    45    -19549.7    -11.5089    32.4788    34.9605    31.9387    0.652834    
1    166    46    -19545.7    -5.83995    33.2435    33.2346    34.7384    0.651819    
1    170    47    -19542.7    -2.47726    33.2856    34.2848    34.0687    0.744696    
1    172    48    -19541.5    -0.965268    34.2093    32.9792    35.9203    0.752885    
1    174    49    -19544.5    -1.0515    34.7254    36.1948    33.6006    0.799503    
1    175    50    -19542.3    -2.56016    35.1342    33.8079    38.2426    0.729678    
1    176    51    -19548.3    -0.969633    37.2795    33.7276    36.4962    0.791403    
1    178    52    -19550.9    -1.49666    36.1652    35.705    36.2407    0.816039    
1    180    53    -19551.4    -2.04222    37.7013    34.3864    38.3741    0.764975    
1    182    54    -19551.2    -2.04729    38.6008    38.5345    35.6633    0.793965    
1    184    55    -19550.9    -1.17914    37.1753    36.3229    40.6666    0.812521    
1    186    56    -19550.9    -1.30344    36.4082    38.5883    38.7992    0.827386    
1    188    57    -19555.3    -4.96028    36.0161    35.6486    39.3989    0.722497    
1    190    58    -19556.5    -4.91251    36.3721    35.0439    37.017    0.728877    
1    192    59    -19560    -8.20402    35.8579    37.3946    33.4125    0.635893    
1    194    60    -19561.2    -8.645    36.0894    32.661    36.9901    0.619081    
1    198    61    -19558.6    -5.51873    35.6156    34.6718    32.5998    0.609747    
1    200    62    -19561.1    -7.48127    36.1839    32.9401    36.6418    0.624401    
1    202    63    -19559.2    -6.30155    35.0764    32.9493    34.7543    0.638638    
1    206    64    -19562.3    -8.86114    33.2027    36.2279    35.0141    0.597728    
1    218    65    -19563.4    -10.6504    34.0821    36.8436    35.0225    0.564196    
1    226    66    -19560.2    -7.23914    36.2354    33.1252    35.088    0.637254    
1    227    67    -19565.9    -15.1242    37.0432    37.533    33.1422    0.530279    
1    239    68    -19566.3    -17.2755    36.0053    34.2919    33.2925    0.527307    
1    245    69    -19571.5    -13.9284    34.0977    34.8663    36.1145    0.593751    
1    250    70    -19576.6    -12.1509    34.9205    33.7135    35.7676    0.647872    
1    258    71    -19581.3    -9.07665    36.698    33.0582    34.882    0.696951    
1    259    72    -19580.1    -8.4777    34.5732    38.392    36.0077    0.617247    
1    260    73    -19589.3    -8.18884    37.3647    39.7163    34.1738    0.695709    
1    262    74    -19596    -10.4634    34.7039    38.3259    34.6587    0.594315    
1    268    75    -19595.5    -6.49239    36.0395    37.6492    33.2979    0.641819    
1    272    76    -19593.6    -6.41702    36.6241    38.912    33.4708    0.688391    
1    273    77    -19592.9    -9.50107    37.7437    33.9319    38.8546    0.689096    
1    274    78    -19594    -6.34893    36.2194    36.347    40.0095    0.687139    
1    276    79    -19593.9    -5.79247    38.7703    35.0148    40.0369    0.764192    
1    278    80    -19600.1    -10.3538    35.8875    39.8643    35.7975    0.696426    
1    280    81    -19600.3    -10.2821    36.4991    33.7883    38.4186    0.611111    
1    283    82    -19598.5    -11.9815    37.1109    40.0914    35.1476    0.633911    
1    284    83    -19600.5    -11.4982    38.6038    35.1579    39.3547    0.611931    
1    288    84    -19603.6    -14.9014    36.6383    39.495    36.7272    0.601093    
1    328    85    -19601.6    -14.3694    39.2215    36.4444    38.0502    0.613928    
1    342    86    -19600.1    -13.0154    36.2004    38.0972    36.8728    0.565513    
1    385    87    -19597.2    -12.9412    38.1508    35.6887    33.8872    0.589089    
1    387    88    -19596    -14.6187    34.3851    34.1825    37.7851    0.530004    
1    400    89    -19596.1    -10.5588    34.7785    38.1299    34.2982    0.602802    
1    402    90    -19596    -7.16685    36.5721    34.0936    35.5341    0.685477    
1    414    91    -19595.8    -6.6791    35.5354    38.0738    32.5948    0.694513    
1    416    92    -19597.4    -7.44475    34.5006    37.7949    36.2226    0.690272    
1    418    93    -19601.9    -9.69024    34.6666    38.6791    33.4957    0.667389    
1    422    94    -19601.2    -6.96325    33.883    37.6336    34.2002    0.634472    
1    423    95    -19603.5    -8.98706    34.6724    37.6156    32.6986    0.639434    
1    424    96    -19601.9    -6.25015    34.7789    35.8665    34.6738    0.629461    
1    426    97    -19609    -11.8712    36.8388    35.9666    34.1924    0.613796    
1    434    98    -19606.6    -10.2739    34.7567    34.3842    36.0156    0.582348    
1    436    99    -19607.2    -13.2901    36.5096    33.0126    36.3493    0.58599    
1    438    100    -19609.1    -15.708    36.2229    34.9674    33.6452    0.557675    
1    446    101    -19607.4    -13.7899    35.242    33.7899    35.3347    0.586682    
1    447    102    -19606    -12.4295    35.8925    32.9753    34.0833    0.642036    
1    451    103    -19602.3    -16.9702    33.6624    32.7235    36.6079    0.560438    
1    457    104    -19610.8    -18.7493    33.6479    33.0369    34.0266    0.510596    
1    487    105    -19610.6    -16.5769    33.9989    34.0453    33.2815    0.510494    
1    551    106    -19607.6    -18.7454    33.8579    33.6346    32.7018    0.478379    
1    554    107    -19607.9    -16.0648    33.3823    34.6139    34.194    0.537417    
1    559    108    -19608.9    -16.6146    36.875    33.6187    33.2973    0.512913    
1    560    109    -19610.5    -17.4978    34.8084    35.361    33.4224    0.54004    
1    564    110    -19612.9    -19.0276    34.3826    33.8789    38.1006    0.554724    
1    577    111    -19614.1    -22.0697    33.876    35.0711    32.8616    0.556648    
1    613    112    -19611    -16.2448    34.2967    33.309    36.2796    0.526202    
1    617    113    -19615.2    -22.9486    33.691    35.1364    33.09    0.533949    
1    635    114    -19614.8    -20.2911    33.542    36.7021    33.662    0.507497    
1    676    115    -19614.2    -23.0824    35.5885    34.5371    32.3164    0.524107    
1    685    116    -19608.9    -16.8157    35.3116    37.2111    33.3556    0.569957    
1    688    117    -19614    -19.6523    34.7218    33.6755    38.1755    0.604198    
1    723    118    -19613    -22.2646    35.6887    33.4222    37.638    0.57339    
1    725    119    -19616    -23.6051    35.6855    32.5586    37.1711    0.561229    
1    728    120    -19612.8    -20.4536    36.398    37.5844    33.2971    0.581111    
1    738    121    -19618.1    -22.152    34.8702    33.8676    37.7509    0.555076    
1    748    122    -19618.4    -21.6313    36.9612    36.0376    33.2366    0.590151    
1    755    123    -19620.6    -22.6667    35.6112    33.51    37.4698    0.583442    
1    775    124    -19623    -22.8454    36.4301    33.2314    37.1222    0.559211    
1    776    125    -19620.8    -19.1982    34.2599    36.807    34.1492    0.590071    
1    780    126    -19628.1    -23.733    36.3304    33.3314    34.7059    0.536779    
1    1128    127    -19621.7    -19.9285    33.9973    34.3449    35.9527    0.546704    
1    1129    128    -19614.3    -20.6411    37.1596    34.2629    33.595    0.557252    
1    1131    129    -19622    -19.9534    34.7555    33.6237    37.3607    0.569871    
1    1171    130    -19622.7    -24.17    35.3022    37.3211    33.774    0.575083    
1    1172    131    -19624.9    -22.0591    34.0753    34.3096    37.2517    0.596155    
1    1188    132    -19627.3    -23.7915    36.9451    36.3881    33.4009    0.617484    
1    1236    133    -19628.3    -24.0408    33.9807    33.9639    36.9524    0.549621    
1    1274    134    -19626.6    -21.3044    37.0046    35.8052    33.264    0.607987    
1    1346    135    -19627.6    -22.9521    34.8693    34.6515    37.3283    0.588413    
1    1354    136    -19626.7    -23.3257    36.3566    33.5981    33.21    0.553491    
1    1361    137    -19620.1    -25.7815    34.0187    34.137    33.839    0.523147    
1    1391    138    -19613.6    -25.066    33.5858    36.0834    32.9529    0.432696    
1    1393    139    -19620.3    -27.0177    35.9309    33.7411    34.171    0.50752    
1    1422    140    -19616.2    -20.6011    33.8582    34.6826    33.6938    0.468418    
1    1424    141    -19615.6    -21.3032    34.6956    33.6725    33.9503    0.50892    
1    1425    142    -19614.6    -18.5042    33.6593    37.7658    33.7296    0.534038    
1    1437    143    -19613.5    -11.9762    34.9942    33.1215    38.3454    0.647063    
1    1438    144    -19619.1    -16.1117    33.8342    36.0108    34.731    0.618739    
1    1443    145    -19619.7    -22.8796    33.4011    35.3965    34.0178    0.51317    
1    1451    146    -19623.1    -27.697    35.5175    33.766    32.7817    0.450021    
1    1454    147    -19618.1    -18.1175    36.5801    33.5808    34.6549    0.623515    
1    1457    148    -19624.7    -25.6413    35.4408    34.5911    32.7503    0.479194    
1    1465    149    -19625.2    -26.2717    34.8836    32.875    33.2203    0.533295    
