#Task    Step    numberOfAcceptedPeleSteps    currentEnergy    bindingE1    dist_1    dist_2    dist_3    sasaLig1    
1    0    0    -15800    0.107322    38.7909    38.8517    40.8119    1    
1    1    1    -15800    0.140108    37.0861    38.7683    41.6549    1.00401    
1    2    2    -15800    0.136371    39.6384    40.0844    36.069    1.0022    
1    3    3    -15800    0.0615259    39.0439    36.1354    40.4914    0.997667    
1    4    4    -15800.2    -0.0286967    40.6856    35.4238    36.4614    0.994895    
1    5    5    -19397.2    0.0152468    33.0278    36.9888    34.9314    0.940028    
1    6    6    -19397.4    -0.124295    35.7444    35.9818    31.6143    0.925093    
1    7    7    -19397.2    0.119188    33.352    36.3688    35.7944    0.93507    
1    8    8    -19437.6    2.61798    33.7595    36.5765    30.9627    0.902437    
1    9    9    -19484.6    0.970695    34.5976    31.5276    37.1128    0.905602    
1    10    10    -19484.5    1.02796    35.1661    37.9584    32.4728    0.914179    
1    11    11    -19484.4    1.01286    35.8263    32.3127    37.6543    0.916043    
1    12    12    -19484.5    0.949573    34.7967    32.9644    38.2561    0.913047    
1    13    13    -19484.5    0.858349    35.632    32.2285    37.3933    0.907106    
1    14    14    -19484.5    0.794445    35.037    34.4024    34.5617    0.911471    
1    15    15    -19523.3    2.92119    33.5604    36.1973    30.5225    0.869027    
1    16    16    -19549.6    1.34221    34.3004    32.0169    37.4378    0.900598    
1    18    17    -19563.2    3.58621    34.305    35.0891    30.3173    0.878428    
1    19    18    -19591.1    -1.02175    31.8123    35.1051    29.7283    0.812074    
1    20    19    -19596.6    -0.15238    32.0806    29.4515    34.9169    0.80891    
1    22    20    -19603.2    -2.49643    32.6491    29.1268    33.371    0.804627    
1    23    21    -19604.8    2.443    33.2014    31.438    30.083    0.864597    
1    24    22    -19610.2    -0.608548    32.7303    29.0125    33.5321    0.808727    
1    26    23    -19614.7    2.81734    32.7905    29.6215    33.3625    0.837924    
1    27    24    -19621.8    -1.58531    31.762    34.0793    29.5442    0.815653    
1    28    25    -19628.4    -0.00666839    32.3918    33.7307    30.3851    0.876082    
1    30    26    -19631    -2.55917    32.0352    28.0886    32.8251    0.799597    
1    32    27    -19631.8    -1.03987    30.9014    28.2696    32.5627    0.782691    
1    33    28    -19633.4    -1.74603    29.7895    32.7437    28.1173    0.787016    
1    34    29    -19639.7    -3.16182    29.4376    30.7924    29.0336    0.740661    
1    35    30    -19648.2    -8.45022    27.3268    29.9771    28.0312    0.632035    
1    36    31    -19657.9    -4.29365    30.4185    26.6277    29.6759    0.729382    
1    37    32    -19667.7    -8.58003    30.5614    28.7847    25.5967    0.690216    
1    38    33    -19674.9    -6.35239    28.6354    26.1304    28.684    0.733844    
1    39    34    -19692.3    -15.2771    25.8301    26.8772    24.321    0.544705    
1    58    35    -19691.4    -9.78684    27.6308    25.4135    26.4459    0.582347    
1    61    36    -19691.7    -7.32721    27.9349    25.3895    28.2608    0.638743    
1    64    37    -19691.5    -5.42666    29.0655    28.0785    26.6592    0.655483    
1    65    38    -19690.2    -6.8127    27.6699    30.8739    27.7839    0.69717    
1    66    39    -19697.7    -6.05403    29.2014    26.4849    28.9395    0.709491    
1    68    40    -19702.4    -6.66033    28.4936    31.2771    26.2361    0.71694    
1    69    41    -19697.5    -6.64354    27.8989    31.4141    28.7677    0.742192    
1    70    42    -19703.7    -10.0433    28.9229    29.8046    26.885    0.714778    
1    116    43    -19700.6    -6.802    29.6934    26.2856    30.5432    0.738069    
1    121    44    -19696.1    -6.44277    29.8504    32.2758    26.8533    0.740416    
1    122    45    -19700.7    -3.37623    28.372    31.9135    28.7039    0.742974    
1    123    46    -19703.9    -6.39739    30.7299    26.9775    30.7468    0.761433    
1    124    47    -19703.6    -6.86662    29.3038    26.2916    30.375    0.691977    
1    125    48    -19706.8    -12.7861    29.4037    26.4054    25.1696    0.59047    
1    132    49    -19707.6    -10.152    28.3725    26.3476    27.5255    0.661397    
1    134    50    -19707.1    -9.79325    28.9486    26.0937    25.6705    0.594799    
1    140    51    -19708.6    -11.7608    28.2697    26.658    26.6748    0.629423    
1    142    52    -19708.8    -10.8184    29.4205    26.3523    26.7496    0.636876    
1    143    53    -19711.2    -6.60511    26.513    27.3775    30.5436    0.656793    
1    144    54    -19714.9    -5.76859    29.3555    27.0937    26.0572    0.671452    
1    146    55    -19721.5    -6.38024    26.8128    29.0383    25.2938    0.61798    
1    147    56    -19719.8    -10.9313    26.7199    23.9096    28.9866    0.577513    
1    169    57    -19719.7    -7.77175    27.6394    27.2667    28.0798    0.671441    
1    171    58    -19721.1    -10.1062    26.6339    23.7578    29.0961    0.583563    
1    172    59    -19717.6    -4.78251    28.5103    27.3292    25.7937    0.625142    
1    184    60    -19718.7    -5.6586    26.6926    27.9232    30.1071    0.656221    
1    188    61    -19719    -6.40979    29.1914    27.032    27.2559    0.653545    
1    189    62    -19716.5    -12.5894    27.6379    26.9374    28.5749    0.682703    
1    190    63    -19723.4    -14.614    28.795    26.8241    26.5668    0.637896    
1    192    64    -19721.9    -12.7306    27.1944    26.7709    27.9708    0.605166    
1    199    65    -19724.6    -17.0273    25.0358    28.3754    27.6755    0.608122    
1    202    66    -19724.5    -11.1077    27.1115    28.0869    26.9537    0.626005    
1    203    67    -19722.7    -12.0588    26.931    29.4133    25.8641    0.655906    
1    207    68    -19715.8    -15.0014    27.4463    25.8723    27.3027    0.58173    
1    209    69    -19726.7    -10.7803    29.2756    25.4726    27.137    0.571785    
1    215    70    -19729.1    -16.6862    27.1989    26.9862    25.4271    0.509101    
1    221    71    -19723.2    -16.1177    26.2118    26.0694    28.0172    0.622526    
1    225    72    -19725    -16.5753    27.4662    28.165    25.6404    0.557338    
1    229    73    -19728.5    -17.0289    26.3824    25.3444    27.5817    0.575713    
1    237    74    -19728.6    -15.7348    27.2188    25.5198    27.6026    0.547796    
1    243    75    -19729.8    -14.2808    27.9055    29.167    25.5411    0.610209    
1    244    76    -19731.6    -16.4788    27.0174    25.7912    28.3743    0.574201    
1    270    77    -19728    -11.1159    26.0605    27.7229    28.2814    0.595074    
1    271    78    -19732.5    -12.0108    29.069    26.5605    27.2129    0.608216    
1    284    79    -19726.8    -10.17    28.3163    28.9786    25.7902    0.630493    
1    285    80    -19724    -10.2966    28.9067    27.408    26.5187    0.610081    
1    286    81    -19724.8    -9.85397    27.0341    30.2147    28.2568    0.621543    
1    288    82    -19727.2    -9.93682    28.1406    26.8491    26.4733    0.592176    
1    289    83    -19726.7    -17.1861    26.726    28.034    25.8698    0.560813    
1    306    84    -19725.9    -14.0663    25.7485    27.1665    29.1543    0.598079    
1    309    85    -19726.4    -14.2912    26.7922    25.8455    30.1618    0.577357    
1    313    86    -19725.3    -16.3797    26.0519    27.3423    27.5497    0.529308    
1    319    87    -19724.5    -15.841    28.1352    25.5496    26.9013    0.595084    
1    322    88    -19724.4    -9.92278    25.8898    26.8582    28.3507    0.537196    
1    325    89    -19725.6    -15.9094    27.5575    28.1723    25.807    0.572658    
1    327    90    -19727.2    -14.8502    26.2364    25.4968    29.8689    0.583769    
1    328    91    -19723.5    -10.9028    26.9631    27.1902    27.1844    0.632628    
1    333    92    -19732.5    -22.4252    25.2636    25.7416    26.8877    0.469313    
1    385    93    -19732.5    -24.216    25.8032    26.3148    26.2883    0.56354    
1    457    94    -19720.3    -17.4463    25.433    27.8736    25.4629    0.511763    
1    459    95    -19722.6    -14.9646    27.6997    26.2627    26.4596    0.621235    
1    461    96    -19726.7    -20.1264    27.1171    24.8011    29.5835    0.584736    
1    462    97    -19725.6    -18.1735    25.5562    27.0951    27.0305    0.547969    
1    464    98    -19726.5    -19.9242    26.6185    24.5605    28.857    0.567063    
1    467    99    -19726.1    -12.752    26.9769    28.3845    26.7598    0.614365    
1    468    100    -19726.5    -9.64061    26.7744    30.5036    26.2337    0.638183    
1    469    101    -19731.1    -17.4791    29.6557    28.507    26.328    0.672961    
1    473    102    -19740.8    -23.0348    28.3141    25.4118    26.8251    0.476855    
1    625    103    -19736.7    -15.6666    26.4585    25.3325    29.3431    0.521289    
1    631    104    -19739.4    -17.5596    27.0553    27.0341    29.1783    0.548223    
1    665    105    -19737.6    -16.0531    28.4031    26.6487    25.4584    0.561828    
1    667    106    -19741.7    -19.4002    25.6864    26.8702    26.5366    0.442933    
1    707    107    -19739.4    -18.7382    25.8762    28.9724    27.0738    0.517528    
1    749    108    -19737.9    -19.1842    27.2136    28.9415    27.4706    0.575463    
1    753    109    -19735.4    -12.0719    28.3324    30.7097    27.0428    0.645701    
1    759    110    -19739.1    -19.2862    30.1691    27.6271    25.8396    0.586721    
1    788    111    -19732.8    -13.0491    28.995    27.7751    26.9055    0.61869    
1    789    112    -19734.9    -16.1059    30.1344    26.2453    25.6305    0.565058    
1    792    113    -19732.4    -8.91101    28.7457    27.6809    25.9957    0.654042    
1    793    114    -19732.4    -9.20093    30.3104    25.6945    28.7833    0.658957    
1    794    115    -19735.1    -7.99256    26.2819    30.5635    26.1454    0.699661    
1    795    116    -19735.9    -11.9006    29.7037    26.3651    26.9743    0.596281    
1    796    117    -19737.1    -9.808    28.9761    26.6215    28.2522    0.585655    
1    798    118    -19740.5    -15.1679    26.3304    28.9069    25.3187    0.618523    
1    803    119    -19743.8    -20.9644    25.7073    25.632    26.0544    0.507137    
1    811    120    -19740.8    -14.381    28.8004    26.1631    25.184    0.581018    
1    813    121    -19734.6    -8.53043    25.9277    27.4274    29.6964    0.633453    
1    814    122    -19735.4    -10.6684    28.2077    27.0109    26.629    0.615944    
1    816    123    -19735.2    -10.2576    26.1949    28.7573    29.396    0.622069    
1    819    124    -19736.4    -13.7781    29.6268    27.7565    25.3131    0.624353    
1    820    125    -19735.5    -11.565    28.3049    30.0506    25.4901    0.591117    
1    826    126    -19733.7    -10.4213    26.8274    26.1402    28.9425    0.568437    
1    827    127    -19735.5    -11.8744    27.0395    26.058    30.9686    0.580557    
1    828    128    -19738.1    -10.0008    28.1384    27.3514    27.8475    0.619505    
1    830    129    -19742.6    -13.8734    29.0867    26.3028    26.3783    0.582617    
1    836    130    -19744.4    -17.1488    27.9425    28.2806    25.2171    0.572101    
1    839    131    -19740.4    -16.407    27.3568    25.8238    29.2071    0.552877    
1    846    132    -19734.6    -9.7401    27.336    27.8904    25.2467    0.559139    
1    847    133    -19740.9    -11.3224    25.4718    26.755    27.4344    0.546352    
1    856    134    -19737.1    -8.25935    26.5561    27.027    28.9565    0.633401    
1    861    135    -19739    -15.8095    26.8102    28.1019    24.9981    0.556483    
1    863    136    -19743.6    -22.7966    25.7193    24.9901    24.9993    0.449104    
1    891    137    -19741.9    -22.7034    24.8971    27.1585    25.7817    0.452652    
1    913    138    -19739.9    -18.2506    25.5024    27.7588    26.5457    0.525748    
1    916    139    -19738.1    -14.0843    25.3909    29.3244    24.993    0.563603    
1    918    140    -19738.8    -12.9953    27.1634    26.3865    25.7457    0.571079    
1    927    141    -19735.7    -13.3541    29.3878    25.5776    28.9786    0.680431    
1    933    142    -19736.4    -15.9808    30.2394    29.8402    27.7118    0.731896    
1    939    143    -19736.9    -14.6803    31.3471    26.7686    30.8456    0.719418    
1    956    144    -19734.2    -10.911    30.3383    29.3968    26.3309    0.680391    
1    958    145    -19734    -9.43589    29.6004    27.7589    28.2779    0.656708    
1    959    146    -19739    -17.7118    29.484    27.4903    29.3367    0.626009    
1    969    147    -19738.8    -21.8392    27.4002    29.6736    29.391    0.647759    
1    1005    148    -19739.4    -19.1588    30.5676    28.2917    27.173    0.610549    
1    1015    149    -19736.6    -11.7754    30.992    27.9818    30.857    0.70455    
1    1016    150    -19738    -10.6681    31.6578    30.3597    29.2781    0.773429    
1    1023    151    -19741.8    -14.6182    29.6294    29.2064    29.8232    0.688255    
1    1031    152    -19737    -13.8758    28.8378    29.3918    30.9627    0.688072    
1    1039    153    -19736.8    -12.5687    30.2492    28.5682    31.6982    0.68623    
1    1041    154    -19735.5    -7.9936    32.142    30.0978    26.8583    0.693655    
1    1044    155    -19738.5    -10.0584    26.5738    30.2432    31.0809    0.692992    
1    1045    156    -19744    -11.333    29.8894    26.057    31.181    0.660596    
1    1046    157    -19745.3    -12.1329    27.7248    26.1472    28.9389    0.548429    
1    1051    158    -19743.6    -15.868    28.4366    27.3033    25.4839    0.552337    
1    1088    159    -19741.9    -12.049    25.7038    30.0001    28.4928    0.612859    
1    1094    160    -19744.1    -13.647    26.831    28.1842    27.9983    0.590738    
1    1095    161    -19742.4    -12.9096    28.9649    25.3808    27.6864    0.588851    
1    1101    162    -19745.3    -13.5095    26.3849    29.7896    27.6893    0.566652    
1    1102    163    -19745.7    -13.759    27.8263    26.7036    28.1893    0.601784    
1    1117    164    -19742.7    -12.8202    27.0202    27.566    26.0876    0.587684    
1    1118    165    -19741.3    -10.7492    28.3036    26.2053    27.5462    0.612573    
1    1120    166    -19744.4    -13.5185    26.0021    27.8077    26.2124    0.555199    
1    1125    167    -19742.6    -18.3738    27.0756    26.1828    26.8134    0.515969    
1    1127    168    -19741.6    -15.9643    27.595    26.5111    26.3811    0.607585    
1    1150    169    -19741.5    -13.3668    25.8297    26.0455    29.0895    0.617403    
1    1151    170    -19735.6    -10.1401    27.9009    27.562    26.2698    0.630365    
1    1154    171    -19738    -11.1024    29.344    26.0171    26.8243    0.635253    
1    1157    172    -19733.3    -9.14659    27.3526    28.7385    27.6831    0.593295    
1    1158    173    -19740.9    -15.3356    26.6059    26.3988    28.4253    0.603235    
1    1159    174    -19744.4    -17.3496    25.7553    26.108    25.8246    0.504208    
1    1186    175    -19743.2    -14.6488    28.6011    26.2693    25.8162    0.577714    
1    1187    176    -19743.1    -13.5215    28.3686    26.0097    29.7156    0.594391    
1    1192    177    -19740.4    -12.3498    26.4766    27.0815    25.3913    0.50071    
1    1196    178    -19741.3    -13.2964    28.3731    25.8975    25.706    0.546187    
1    1201    179    -19740.2    -12.9256    28.3344    25.7576    28.572    0.581696    
1    1202    180    -19740.5    -12.3827    27.3336    27.1303    27.3183    0.580912    
1    1214    181    -19737.9    -9.63668    26.0298    29.8441    28.0798    0.551216    
1    1216    182    -19740.3    -11.6665    27.2782    25.7217    28.151    0.517879    
1    1220    183    -19739.8    -9.46074    27.9105    28.2479    26.6684    0.609133    
1    1222    184    -19740.5    -13.4068    27.3574    25.6364    27.9889    0.516213    
1    1226    185    -19737.5    -11.8594    28.5429    25.1101    27.1799    0.585558    
1    1228    186    -19744    -14.8191    26.3658    29.0443    27.0213    0.544513    
1    1253    187    -19739.7    -13.4794    28.779    25.9442    25.8066    0.583955    
1    1254    188    -19743.7    -14.1265    28.8036    25.0886    28.9542    0.602577    
1    1307    189    -19744.2    -18.3269    27.618    27.2508    25.5519    0.52431    
1    1393    190    -19743    -17.9732    25.9949    26.1955    25.8853    0.553802    
1    1429    191    -19739.8    -12.4028    28.4461    25.9642    25.8481    0.597975    
1    1434    192    -19740.6    -11.8377    26.0809    29.4583    27.8146    0.566197    
1    1435    193    -19738.8    -8.39402    29.473    25.4611    28.7465    0.671579    
1    1438    194    -19738.7    -9.22533    27.925    31.4786    26.5237    0.661981    
1    1439    195    -19735.6    -10.2118    29.0296    25.4504    29.2318    0.640137    
1    1440    196    -19737    -12.8952    25.6322    26.8913    29.3983    0.593786    
1    1441    197    -19740.2    -14.1795    26.308    28.1684    26.4134    0.581127    
1    1446    198    -19741.1    -14.0803    26.1205    25.6853    29.7191    0.606315    
1    1470    199    -19740.6    -12.1305    28.6779    27.807    26.1535    0.553409    
1    1473    200    -19744.2    -18.4254    28.0298    26.2869    26.6668    0.504998    
1    1474    201    -19736.5    -9.6244    26.5339    26.6523    28.6812    0.645833    
1    1475    202    -19738.7    -11.2324    26.4674    28.5377    29.7681    0.626735    
1    1476    203    -19740.5    -12.2595    26.7072    26.3424    29.4043    0.578166    
1    1480    204    -19738.3    -9.082    29.1847    27.6509    26.9386    0.67729    
1    1486    205    -19736    -7.28934    27.322    28.0262    29.5651    0.639814    
1    1489    206    -19742.8    -17.242    26.7749    29.0849    25.5295    0.581958    
1    1495    207    -19739.9    -16.2179    25.2711    27.3668    27.7572    0.541096    
1    1505    208    -19738.1    -12.1554    27.4001    29.7007    25.1598    0.621812    
1    1508    209    -19737.6    -8.60341    30.0257    29.2718    27.545    0.633316    
1    1509    210    -19737.7    -9.50577    28.6461    26.4232    31.9354    0.658901    
1    1510    211    -19742.6    -12.2103    26.9721    27.639    29.3713    0.623297    
1    1516    212    -19735.9    -5.58496    27.7414    28.5656    28.2129    0.690805    
1    1517    213    -19738.8    -11.2716    27.149    28.2571    28.0598    0.639024    
1    1519    214    -19742.9    -14.174    27.3751    28.8575    25.5166    0.59051    
1    1521    215    -19740.6    -10.4533    29.1587    27.1337    28.447    0.72756    
1    1522    216    -19738.1    -9.00734    27.1239    27.0204    27.6981    0.699772    
1    1526    217    -19740.9    -10.1528    27.9573    25.7786    25.2865    0.638092    
1    1545    218    -19740.6    -17.2502    25.4806    26.9137    27.062    0.594965    
1    1551    219    -19739.9    -15.8562    28.3672    25.4834    25.1265    0.609256    
1    1555    220    -19740    -14.7058    28.4437    25.3166    24.8558    0.551576    
1    1567    221    -19740.2    -13.9104    27.1593    24.9895    23.9982    0.599508    
1    1569    222    -19739.6    -16.2133    25.4131    25.9389    26.5434    0.544967    
1    1571    223    -19739.9    -14.4708    28.3977    25.1902    26.7447    0.55673    
1    1572    224    -19742.4    -16.5288    26.0397    30.1751    24.6555    0.555782    
1    1575    225    -19743.3    -18.4243    25.1409    27.0802    26.0337    0.512457    
1    1583    226    -19743.7    -14.8656    28.0214    25.358    26.7244    0.534642    
1    1584    227    -19746.3    -15.9541    27.0058    26.8692    25.5776    0.533074    
1    1585    228    -19746.5    -16.5847    26.8281    25.4492    27.3521    0.546278    
1    1601    229    -19749.7    -17.8443    25.6482    25.3612    28.7627    0.530313    
1    1612    230    -19742.1    -11.8428    27.8096    26.4998    25.2857    0.620165    
1    1614    231    -19746.6    -17.759    26.3924    25.55    28.0467    0.552514    
1    1662    232    -19741.7    -14.695    27.7317    25.3126    24.576    0.526826    
1    1667    233    -19744.6    -20.361    24.8495    25.6374    27.4261    0.514544    
1    1703    234    -19737.4    -13.9057    26.5067    25.677    29.9902    0.610823    
1    1705    235    -19738    -14.2042    25.869    24.9189    27.9124    0.571347    
1    1707    236    -19739.2    -16.7577    25.6969    29.5469    25.7301    0.55508    
1    1710    237    -19739.4    -9.85276    29.3872    26.3818    27.5341    0.605518    
1    1711    238    -19739.8    -10.672    28.5136    25.2567    31.2884    0.644584    
1    1721    239    -19739.6    -13.2614    27.5403    31.2951    26.1929    0.610237    
1    1722    240    -19737.5    -9.55779    28.2305    25.0947    30.7547    0.683323    
1    1723    241    -19734.2    -9.00377    27.3209    31.2466    27.5365    0.671675    
1    1724    242    -19734.5    -4.71607    28.2133    29.7622    27.7986    0.673221    
1    1725    243    -19739.1    -12.139    29.263    29.1808    25.6694    0.675686    
1    1738    244    -19742.3    -14.6858    26.7772    24.9974    30.6049    0.601629    
1    1749    245    -19736.6    -11.2913    27.9069    26.6784    26.8382    0.636663    
1    1754    246    -19734    -6.99182    29.9055    29.2357    26.1145    0.721574    
1    1758    247    -19735.2    -6.18428    29.1535    27.5765    30.4452    0.765391    
1    1760    248    -19734.8    -5.41199    30.416    27.5648    27.1952    0.694675    
1    1762    249    -19746.4    -16.8514    26.668    28.1924    28.3372    0.557671    
1    1950    250    -19742.4    -14.0795    29.0577    28.3633    27.6423    0.655411    
1    1954    251    -19743.6    -16.0626    28.3941    26.511    29.1456    0.563086    
1    1973    252    -19741.7    -18.5868    27.9356    27.6643    26.9696    0.55478    
1    1985    253    -19740    -15.8013    25.7686    29.2371    27.9071    0.550818    
1    1998    254    -19738.1    -13.4837    27.7265    27.1683    29.5103    0.673054    
1    2000    255    -19739    -16.0893    28.7925    27.3465    26.959    0.622639    
1    2015    256    -19739.2    -14.074    27.671    27.1515    30.0071    0.659581    
1    2018    257    -19733    -9.44827    27.9382    29.2171    26.3538    0.595006    
1    2019    258    -19735.3    -11.8693    30.1808    25.6141    27.0969    0.608917    
1    2020    259    -19738.4    -14.0062    29.567    27.2432    26.4316    0.651283    
1    2021    260    -19745.2    -18.6715    29.1422    28.3578    25.8533    0.602429    
1    2039    261    -19743.8    -20.0886    27.5617    30.2225    26.1828    0.596868    
1    2043    262    -19744.4    -18.924    29.2888    28.096    26.4766    0.595666    
1    2057    263    -19742.9    -18.7613    26.8316    25.4408    29.114    0.574609    
1    2059    264    -19739    -19.4466    26.7998    25.7988    28.2151    0.565586    
1    2061    265    -19744.2    -17.3792    29.0945    26.5015    25.8119    0.570852    
1    2073    266    -19743.5    -15.6842    27.7787    28.2263    25.9544    0.518038    
1    2083    267    -19734.4    -9.57859    28.2529    28.5224    24.5122    0.5472    
1    2084    268    -19748.3    -18.6943    25.0845    26.7364    26.3175    0.521774    
1    2123    269    -19740.4    -15.6072    25.5461    26.7006    24.8561    0.517974    
1    2125    270    -19746.6    -21.7714    26.1371    24.7254    25.7692    0.444417    
1    2143    271    -19744.6    -12.6802    26.6778    29.1325    25.1392    0.584227    
1    2144    272    -19745.8    -13.3515    28.0617    26.3978    27.3719    0.549968    
1    2147    273    -19743.8    -14.8747    25.8709    26.4205    28.0616    0.507463    
1    2155    274    -19741.7    -16.6885    26.8736    25.5374    25.9163    0.606905    
1    2156    275    -19742.4    -15.7599    25.2005    28.0472    26.2009    0.600349    
1    2163    276    -19739.2    -10.4535    28.782    27.2767    26.9552    0.610294    
1    2166    277    -19741.1    -11.7216    27.4678    30.9885    25.2124    0.677554    
1    2168    278    -19734.7    -5.10188    26.3584    30.4314    28.9347    0.718156    
1    2170    279    -19741.9    -11.9477    29.59    28.2262    27.5475    0.699842    
1    2199    280    -19743.7    -19.8313    28.9422    27.2408    26.0371    0.517648    
1    2217    281    -19740.9    -10.8378    26.3722    26.4707    29.7568    0.588558    
1    2218    282    -19744.5    -14.708    27.2534    25.4432    26.2339    0.547233    
1    2219    283    -19744.4    -14.7527    27.8827    25.9354    24.1791    0.586355    
1    2228    284    -19745.5    -14.6323    25.4569    25.2528    26.175    0.564806    
1    2231    285    -19744    -19.6324    25.4675    26.9169    25.9695    0.550167    
1    2243    286    -19732.3    -8.9316    25.6046    29.35    25.7085    0.606187    
1    2246    287    -19739.7    -11.1335    27.6206    26.59    25.5919    0.642729    
1    2251    288    -19748    -23.3888    24.6789    25.9831    25.5744    0.502743    
1    2285    289    -19748.9    -23.0632    26.0241    25.7729    26.9912    0.47659    
1    2293    290    -19748.5    -20.4629    25.5945    26.295    27.1935    0.547995    
1    2311    291    -19747    -17.5627    26.8229    28.4269    26.786    0.566213    
1    2317    292    -19745.5    -15.1598    28.3263    25.8172    26.0351    0.556586    
1    2328    293    -19745.3    -13.6842    25.3527    27.0751    26.5401    0.555344    
1    2330    294    -19743.7    -13.0174    27.7248    26.0328    24.5911    0.540944    
1    2353    295    -19741.9    -16.2213    27.6138    26.2039    26.4313    0.537521    
1    2362    296    -19745    -16.8667    26.0476    26.4947    28.549    0.58127    
1    2366    297    -19752.1    -21.489    28.0505    26.3469    26.4189    0.497254    
1    2382    298    -19746.7    -16.9606    26.3173    26.3547    28.9051    0.576285    
1    2403    299    -19738.2    -14.9315    24.8156    25.845    28.7691    0.526168    
1    2404    300    -19742    -16.3506    26.1615    27.6991    26.6371    0.504143    
1    2429    301    -19740.6    -15.677    26.7852    26.6481    29.0436    0.592706    
1    2444    302    -19740.6    -14.3548    29.2578    25.2636    30.0472    0.635479    
1    2448    303    -19746.5    -18.099    27.4224    26.5204    28.4335    0.508447    
